<?xml version="1.0" encoding="UTF-8"?>
<testng-results ignored="0" total="2" passed="2" failed="0" skipped="0">
  <reporter-output>
  </reporter-output>
  <suite started-at="2025-08-09T15:22:46 IST" name="Default suite" finished-at="2025-08-09T15:24:21 IST" duration-ms="95107">
    <groups>
    </groups>
    <test started-at="2025-08-09T15:22:46 IST" name="Default test" finished-at="2025-08-09T15:24:21 IST" duration-ms="95107">
      <class name="testcase.MyFirstTestFW">
        <test-method is-config="true" signature="setUp()[pri:0, instance:testcase.MyFirstTestFW@327514f]" started-at="2025-08-09T15:22:48 IST" name="setUp" finished-at="2025-08-09T15:23:02 IST" duration-ms="14058" status="PASS">
          <reporter-output>
          </reporter-output>
        </test-method> <!-- setUp -->
        <test-method signature="LoginTest(java.lang.String,java.lang.String)[pri:0, instance:testcase.MyFirstTestFW@327514f]" started-at="2025-08-09T15:23:02 IST" name="LoginTest" data-provider="testdata" finished-at="2025-08-09T15:23:22 IST" duration-ms="20386" status="PASS">
          <params>
            <param index="0">
              <value>
                <![CDATA[rcvtutorials@gmail.com]]>
              </value>
            </param>
            <param index="1">
              <value>
                <![CDATA[testautomation@123]]>
              </value>
            </param>
          </params>
          <reporter-output>
          </reporter-output>
        </test-method> <!-- LoginTest -->
        <test-method is-config="true" signature="tearDown()[pri:0, instance:testcase.MyFirstTestFW@327514f]" started-at="2025-08-09T15:23:22 IST" name="tearDown" finished-at="2025-08-09T15:23:23 IST" duration-ms="637" status="PASS">
          <reporter-output>
          </reporter-output>
        </test-method> <!-- tearDown -->
        <test-method is-config="true" signature="setUp()[pri:0, instance:testcase.MyFirstTestFW@327514f]" started-at="2025-08-09T15:23:23 IST" name="setUp" finished-at="2025-08-09T15:23:49 IST" duration-ms="26459" status="PASS">
          <reporter-output>
          </reporter-output>
        </test-method> <!-- setUp -->
        <test-method signature="LoginTest(java.lang.String,java.lang.String)[pri:0, instance:testcase.MyFirstTestFW@327514f]" started-at="2025-08-09T15:23:49 IST" name="LoginTest" data-provider="testdata" finished-at="2025-08-09T15:24:17 IST" duration-ms="28053" status="PASS">
          <params>
            <param index="0">
              <value>
                <![CDATA[rcvtutorials@gmail.com]]>
              </value>
            </param>
            <param index="1">
              <value>
                <![CDATA[testautomation@123]]>
              </value>
            </param>
          </params>
          <reporter-output>
          </reporter-output>
        </test-method> <!-- LoginTest -->
        <test-method is-config="true" signature="tearDown()[pri:0, instance:testcase.MyFirstTestFW@327514f]" started-at="2025-08-09T15:24:17 IST" name="tearDown" finished-at="2025-08-09T15:24:21 IST" duration-ms="3341" status="PASS">
          <reporter-output>
          </reporter-output>
        </test-method> <!-- tearDown -->
      </class> <!-- testcase.MyFirstTestFW -->
    </test> <!-- Default test -->
  </suite> <!-- Default suite -->
</testng-results>
